=== Starting Test Suite at 2026-01-27_13-28-13 === 
Project Root: C:\Users\franc\proyecto\Stats-Handball\tests\.. 
 
[1/3] Testing Frontend Build (Client App)... 

> handball-stats-app@0.3.0 build
> tsc -b && vite build

[36mvite v5.4.21 [32mbuilding for production...[36m[39m
transforming...
[32mâœ“[39m 1972 modules transformed.
rendering chunks...
computing gzip size...
[2mdist/[22m[32mindex.html                 [39m[1m[2m  2.39 kB[22m[1m[22m[2m â”‚ gzip:   0.84 kB[22m
[2mdist/[22m[35massets/index-BnWD0jHb.css  [39m[1m[2m 52.21 kB[22m[1m[22m[2m â”‚ gzip:   8.94 kB[22m
[2mdist/[22m[36massets/index-DeRt3qTf.js   [39m[1m[2m394.84 kB[22m[1m[22m[2m â”‚ gzip: 123.46 kB[22m
[32mâœ“ built in 2.58s[39m
[SUCCESS] Client App Build Passed. 
 
[2/3] Testing Frontend Build (Progress Web)... 

> handball-stats-progress@0.3.0 build
> tsc -b && vite build

[36mvite v5.4.21 [32mbuilding for production...[36m[39m
transforming...
[32mâœ“[39m 1919 modules transformed.
rendering chunks...
computing gzip size...
[2mdist/[22m[32mindex.html                 [39m[1m[2m  2.38 kB[22m[1m[22m[2m â”‚ gzip:  0.83 kB[22m
[2mdist/[22m[35massets/index-CayuQgkI.css  [39m[1m[2m 30.13 kB[22m[1m[22m[2m â”‚ gzip:  5.94 kB[22m
[2mdist/[22m[36massets/index-Cy0iy9l9.js   [39m[1m[2m308.05 kB[22m[1m[22m[2m â”‚ gzip: 98.35 kB[22m
[32mâœ“ built in 2.37s[39m
[SUCCESS] Progress Web Build Passed. 
 
[3/3] Testing Backend API Availability... 
Traceback (most recent call last):
  File "C:\Users\franc\proyecto\Stats-Handball\tests\test_api.py", line 1, in <module>
    import requests
ModuleNotFoundError: No module named 'requests'
[FAILURE] Backend API Tests Failed. 
=== Test Run Complete === 
