=== Starting Test Suite at 2026-01-27_11-24-38 === 
Project Root: C:\Users\franc\proyecto\Stats-Handball\tests\.. 
 
[1/3] Testing Frontend Build (Client App)... 

> handball-stats-app@0.3.0 build
> tsc -b && vite build

[36mvite v5.4.21 [32mbuilding for production...[36m[39m
transforming...
[32mâœ“[39m 1921 modules transformed.
rendering chunks...
computing gzip size...
[2mdist/[22m[32mindex.html                 [39m[1m[2m  2.39 kB[22m[1m[22m[2m â”‚ gzip:   0.84 kB[22m
[2mdist/[22m[35massets/index-CAsLWn_n.css  [39m[1m[2m 47.57 kB[22m[1m[22m[2m â”‚ gzip:   8.34 kB[22m
[2mdist/[22m[36massets/index-DZfE5kKp.js   [39m[1m[2m331.13 kB[22m[1m[22m[2m â”‚ gzip: 103.04 kB[22m
[32mâœ“ built in 2.53s[39m
[SUCCESS] Client App Build Passed. 
 
[2/3] Testing Frontend Build (Progress Web)... 

> handball-stats-progress@0.3.0 build
> tsc -b && vite build

[36mvite v5.4.21 [32mbuilding for production...[36m[39m
transforming...
[32mâœ“[39m 1919 modules transformed.
rendering chunks...
computing gzip size...
[2mdist/[22m[32mindex.html                 [39m[1m[2m  2.38 kB[22m[1m[22m[2m â”‚ gzip:  0.84 kB[22m
[2mdist/[22m[35massets/index-CUQt-NDU.css  [39m[1m[2m 30.07 kB[22m[1m[22m[2m â”‚ gzip:  5.93 kB[22m
[2mdist/[22m[36massets/index--TCJkt_Q.js   [39m[1m[2m308.05 kB[22m[1m[22m[2m â”‚ gzip: 98.37 kB[22m
[32mâœ“ built in 2.72s[39m
[SUCCESS] Progress Web Build Passed. 
 
[3/3] Testing Backend API Availability... 
Traceback (most recent call last):
  File "C:\Users\franc\proyecto\Stats-Handball\tests\test_api.py", line 1, in <module>
    import requests
ModuleNotFoundError: No module named 'requests'
[FAILURE] Backend API Tests Failed. 
=== Test Run Complete === 
